<?xml version="1.0" encoding="UTF-8"?>
<coverage generated="1667347789629" clover="3.2.0">
  <project timestamp="1667347789629" name="All files">
    <metrics statements="28" coveredstatements="28" conditionals="12" coveredconditionals="12" methods="3" coveredmethods="3" elements="43" coveredelements="43" complexity="0" loc="28" ncloc="28" packages="1" files="1" classes="1"/>
    <file name="markov.js" path="/Users/ashleymathew/rithm/exercises/Week 6/node-markov/markov.js">
      <metrics statements="28" coveredstatements="28" conditionals="12" coveredconditionals="12" methods="3" coveredmethods="3"/>
      <line num="11" count="7" type="stmt"/>
      <line num="12" count="7" type="stmt"/>
      <line num="30" count="10" type="stmt"/>
      <line num="32" count="10" type="cond" truecount="4" falsecount="0"/>
      <line num="33" count="4" type="stmt"/>
      <line num="37" count="6" type="stmt"/>
      <line num="39" count="59" type="cond" truecount="2" falsecount="0"/>
      <line num="40" count="41" type="stmt"/>
      <line num="42" count="18" type="stmt"/>
      <line num="47" count="6" type="stmt"/>
      <line num="49" count="6" type="cond" truecount="2" falsecount="0"/>
      <line num="50" count="3" type="stmt"/>
      <line num="52" count="3" type="stmt"/>
      <line num="55" count="6" type="stmt"/>
      <line num="63" count="4" type="cond" truecount="4" falsecount="0"/>
      <line num="64" count="2" type="stmt"/>
      <line num="67" count="2" type="stmt"/>
      <line num="69" count="2" type="stmt"/>
      <line num="70" count="2" type="stmt"/>
      <line num="72" count="2" type="stmt"/>
      <line num="73" count="10" type="stmt"/>
      <line num="74" count="10" type="stmt"/>
      <line num="75" count="10" type="stmt"/>
      <line num="77" count="10" type="stmt"/>
      <line num="80" count="2" type="stmt"/>
      <line num="84" count="1" type="stmt"/>
      <line num="87" count="1" type="stmt"/>
      <line num="89" count="1" type="stmt"/>
    </file>
  </project>
</coverage>
