{"/Users/ashleymathew/rithm/exercises/Week 6/node-markov/markov.js": {"path":"/Users/ashleymathew/rithm/exercises/Week 6/node-markov/markov.js","statementMap":{"0":{"start":{"line":11,"column":4},"end":{"line":11,"column":40}},"1":{"start":{"line":12,"column":4},"end":{"line":12,"column":35}},"2":{"start":{"line":30,"column":23},"end":{"line":30,"column":25}},"3":{"start":{"line":32,"column":4},"end":{"line":34,"column":5}},"4":{"start":{"line":33,"column":6},"end":{"line":33,"column":24}},"5":{"start":{"line":37,"column":4},"end":{"line":45,"column":5}},"6":{"start":{"line":37,"column":17},"end":{"line":37,"column":18}},"7":{"start":{"line":39,"column":6},"end":{"line":44,"column":7}},"8":{"start":{"line":40,"column":8},"end":{"line":40,"column":56}},"9":{"start":{"line":42,"column":8},"end":{"line":42,"column":60}},"10":{"start":{"line":47,"column":22},"end":{"line":47,"column":43}},"11":{"start":{"line":49,"column":4},"end":{"line":53,"column":5}},"12":{"start":{"line":50,"column":6},"end":{"line":50,"column":49}},"13":{"start":{"line":52,"column":6},"end":{"line":52,"column":51}},"14":{"start":{"line":55,"column":4},"end":{"line":55,"column":22}},"15":{"start":{"line":63,"column":4},"end":{"line":65,"column":5}},"16":{"start":{"line":64,"column":6},"end":{"line":64,"column":47}},"17":{"start":{"line":67,"column":19},"end":{"line":67,"column":30}},"18":{"start":{"line":69,"column":19},"end":{"line":69,"column":41}},"19":{"start":{"line":70,"column":19},"end":{"line":70,"column":29}},"20":{"start":{"line":72,"column":4},"end":{"line":78,"column":5}},"21":{"start":{"line":73,"column":26},"end":{"line":73,"column":49}},"22":{"start":{"line":74,"column":26},"end":{"line":74,"column":65}},"23":{"start":{"line":75,"column":6},"end":{"line":75,"column":47}},"24":{"start":{"line":77,"column":6},"end":{"line":77,"column":28}},"25":{"start":{"line":80,"column":4},"end":{"line":80,"column":35}},"26":{"start":{"line":84,"column":16},"end":{"line":84,"column":37}},"27":{"start":{"line":87,"column":0},"end":{"line":87,"column":31}},"28":{"start":{"line":89,"column":0},"end":{"line":89,"column":35}}},"fnMap":{"0":{"name":"(anonymous_0)","decl":{"start":{"line":8,"column":2},"end":{"line":8,"column":3}},"loc":{"start":{"line":8,"column":20},"end":{"line":13,"column":3}},"line":8},"1":{"name":"(anonymous_1)","decl":{"start":{"line":29,"column":2},"end":{"line":29,"column":3}},"loc":{"start":{"line":29,"column":14},"end":{"line":56,"column":3}},"line":29},"2":{"name":"(anonymous_2)","decl":{"start":{"line":62,"column":2},"end":{"line":62,"column":3}},"loc":{"start":{"line":62,"column":12},"end":{"line":81,"column":3}},"line":62}},"branchMap":{"0":{"loc":{"start":{"line":32,"column":4},"end":{"line":34,"column":5}},"type":"if","locations":[{"start":{"line":32,"column":4},"end":{"line":34,"column":5}},{"start":{},"end":{}}],"line":32},"1":{"loc":{"start":{"line":32,"column":8},"end":{"line":32,"column":55}},"type":"binary-expr","locations":[{"start":{"line":32,"column":8},"end":{"line":32,"column":31}},{"start":{"line":32,"column":35},"end":{"line":32,"column":55}}],"line":32},"2":{"loc":{"start":{"line":39,"column":6},"end":{"line":44,"column":7}},"type":"if","locations":[{"start":{"line":39,"column":6},"end":{"line":44,"column":7}},{"start":{"line":41,"column":13},"end":{"line":44,"column":7}}],"line":39},"3":{"loc":{"start":{"line":49,"column":4},"end":{"line":53,"column":5}},"type":"if","locations":[{"start":{"line":49,"column":4},"end":{"line":53,"column":5}},{"start":{"line":51,"column":11},"end":{"line":53,"column":5}}],"line":49},"4":{"loc":{"start":{"line":63,"column":4},"end":{"line":65,"column":5}},"type":"if","locations":[{"start":{"line":63,"column":4},"end":{"line":65,"column":5}},{"start":{},"end":{}}],"line":63},"5":{"loc":{"start":{"line":63,"column":8},"end":{"line":63,"column":55}},"type":"binary-expr","locations":[{"start":{"line":63,"column":8},"end":{"line":63,"column":31}},{"start":{"line":63,"column":35},"end":{"line":63,"column":55}}],"line":63}},"s":{"0":7,"1":7,"2":10,"3":10,"4":4,"5":6,"6":6,"7":59,"8":41,"9":18,"10":6,"11":6,"12":3,"13":3,"14":6,"15":4,"16":2,"17":2,"18":2,"19":2,"20":2,"21":10,"22":10,"23":10,"24":10,"25":2,"26":1,"27":1,"28":1},"f":{"0":7,"1":10,"2":4},"b":{"0":[4,6],"1":[10,4],"2":[41,18],"3":[3,3],"4":[2,2],"5":[4,2]},"_coverageSchema":"1a1c01bbd47fc00a2c39e90264f33305004495a9","hash":"856e18ebfc897eb3ec309ceea3e2e94b9a46dea3"}
}
