TN:
SF:markov.js
FN:8,(anonymous_0)
FN:29,(anonymous_1)
FN:62,(anonymous_2)
FNF:3
FNH:3
FNDA:7,(anonymous_0)
FNDA:10,(anonymous_1)
FNDA:4,(anonymous_2)
DA:11,7
DA:12,7
DA:30,10
DA:32,10
DA:33,4
DA:37,6
DA:39,59
DA:40,41
DA:42,18
DA:47,6
DA:49,6
DA:50,3
DA:52,3
DA:55,6
DA:63,4
DA:64,2
DA:67,2
DA:69,2
DA:70,2
DA:72,2
DA:73,10
DA:74,10
DA:75,10
DA:77,10
DA:80,2
DA:84,1
DA:87,1
DA:89,1
LF:28
LH:28
BRDA:32,0,0,4
BRDA:32,0,1,6
BRDA:32,1,0,10
BRDA:32,1,1,4
BRDA:39,2,0,41
BRDA:39,2,1,18
BRDA:49,3,0,3
BRDA:49,3,1,3
BRDA:63,4,0,2
BRDA:63,4,1,2
BRDA:63,5,0,4
BRDA:63,5,1,2
BRF:12
BRH:12
end_of_record
